# JRE version: Java(TM) SE Runtime Environment (8.0_45-b14) (build 1.8.0_45-b14)
# Java VM: Java HotSpot(TM) 64-Bit Server VM (25.45-b02 mixed mode linux-amd64 compressed oops)
Heap:
 PSYoungGen      total 14848K, used 4713K [0x00000000ec180000, 0x00000000ed100000, 0x0000000100000000)
  eden space 14336K, 31% used [0x00000000ec180000,0x00000000ec5fa4a0,0x00000000ecf80000)
  from space 512K, 25% used [0x00000000ed080000,0x00000000ed0a0000,0x00000000ed100000)
  to   space 512K, 0% used [0x00000000ed000000,0x00000000ed000000,0x00000000ed080000)
 ParOldGen       total 40960K, used 33289K [0x00000000c4400000, 0x00000000c6c00000, 0x00000000ec180000)
  object space 40960K, 81% used [0x00000000c4400000,0x00000000c6482678,0x00000000c6c00000)
 Metaspace       used 16301K, capacity 16466K, committed 16640K, reserved 1064960K
  class space    used 1630K, capacity 1696K, committed 1792K, reserved 1048576K
GC Heap History (10 events):
Event: 17548,428 GC heap before
{Heap before GC invocations=204 (full 0):
 PSYoungGen      total 14848K, used 14432K [0x00000000ec180000, 0x00000000ed100000, 0x0000000100000000)
  eden space 14336K, 100% used [0x00000000ec180000,0x00000000ecf80000,0x00000000ecf80000)
  from space 512K, 18% used [0x00000000ed000000,0x00000000ed018000,0x00000000ed080000)
  to   space 512K, 0% used [0x00000000ed080000,0x00000000ed080000,0x00000000ed100000)
 ParOldGen       total 40960K, used 33173K [0x00000000c4400000, 0x00000000c6c00000, 0x00000000ec180000)
  object space 40960K, 80% used [0x00000000c4400000,0x00000000c6465668,0x00000000c6c00000)
 Metaspace       used 16290K, capacity 16402K, committed 16640K, reserved 1064960K
  class space    used 1629K, capacity 1696K, committed 1792K, reserved 1048576K
Event: 17548,429 GC heap after
Heap after GC invocations=204 (full 0):
 PSYoungGen      total 14848K, used 64K [0x00000000ec180000, 0x00000000ed100000, 0x0000000100000000)
  eden space 14336K, 0% used [0x00000000ec180000,0x00000000ec180000,0x00000000ecf80000)
  from space 512K, 12% used [0x00000000ed080000,0x00000000ed090000,0x00000000ed100000)
  to   space 512K, 0% used [0x00000000ed000000,0x00000000ed000000,0x00000000ed080000)
 ParOldGen       total 40960K, used 33189K [0x00000000c4400000, 0x00000000c6c00000, 0x00000000ec180000)
  object space 40960K, 81% used [0x00000000c4400000,0x00000000c6469668,0x00000000c6c00000)
 Metaspace       used 16290K, capacity 16402K, committed 16640K, reserved 1064960K
  class space    used 1629K, capacity 1696K, committed 1792K, reserved 1048576K
}
Event: 17622,225 GC heap before
{Heap before GC invocations=205 (full 0):
 PSYoungGen      total 14848K, used 14400K [0x00000000ec180000, 0x00000000ed100000, 0x0000000100000000)
  eden space 14336K, 100% used [0x00000000ec180000,0x00000000ecf80000,0x00000000ecf80000)
  from space 512K, 12% used [0x00000000ed080000,0x00000000ed090000,0x00000000ed100000)
  to   space 512K, 0% used [0x00000000ed000000,0x00000000ed000000,0x00000000ed080000)
 ParOldGen       total 40960K, used 33189K [0x00000000c4400000, 0x00000000c6c00000, 0x00000000ec180000)
  object space 40960K, 81% used [0x00000000c4400000,0x00000000c6469668,0x00000000c6c00000)
 Metaspace       used 16291K, capacity 16466K, committed 16640K, reserved 1064960K
  class space    used 1629K, capacity 1696K, committed 1792K, reserved 1048576K
Event: 17622,226 GC heap after
Heap after GC invocations=205 (full 0):
 PSYoungGen      total 14848K, used 128K [0x00000000ec180000, 0x00000000ed100000, 0x0000000100000000)
  eden space 14336K, 0% used [0x00000000ec180000,0x00000000ec180000,0x00000000ecf80000)
  from space 512K, 25% used [0x00000000ed000000,0x00000000ed020000,0x00000000ed080000)
  to   space 512K, 0% used [0x00000000ed080000,0x00000000ed080000,0x00000000ed100000)
 ParOldGen       total 40960K, used 33205K [0x00000000c4400000, 0x00000000c6c00000, 0x00000000ec180000)
  object space 40960K, 81% used [0x00000000c4400000,0x00000000c646d668,0x00000000c6c00000)
 Metaspace       used 16291K, capacity 16466K, committed 16640K, reserved 1064960K
  class space    used 1629K, capacity 1696K, committed 1792K, reserved 1048576K
}
Event: 17741,524 GC heap before
{Heap before GC invocations=206 (full 0):
 PSYoungGen      total 14848K, used 14464K [0x00000000ec180000, 0x00000000ed100000, 0x0000000100000000)
  eden space 14336K, 100% used [0x00000000ec180000,0x00000000ecf80000,0x00000000ecf80000)
  from space 512K, 25% used [0x00000000ed000000,0x00000000ed020000,0x00000000ed080000)
  to   space 512K, 0% used [0x00000000ed080000,0x00000000ed080000,0x00000000ed100000)
 ParOldGen       total 40960K, used 33205K [0x00000000c4400000, 0x00000000c6c00000, 0x00000000ec180000)
  object space 40960K, 81% used [0x00000000c4400000,0x00000000c646d668,0x00000000c6c00000)
 Metaspace       used 16299K, capacity 16466K, committed 16640K, reserved 1064960K
  class space    used 1629K, capacity 1696K, committed 1792K, reserved 1048576K
Event: 17741,526 GC heap after
Heap after GC invocations=206 (full 0):
 PSYoungGen      total 14848K, used 160K [0x00000000ec180000, 0x00000000ed100000, 0x0000000100000000)
  eden space 14336K, 0% used [0x00000000ec180000,0x00000000ec180000,0x00000000ecf80000)
  from space 512K, 31% used [0x00000000ed080000,0x00000000ed0a8000,0x00000000ed100000)
  to   space 512K, 0% used [0x00000000ed000000,0x00000000ed000000,0x00000000ed080000)
 ParOldGen       total 40960K, used 33229K [0x00000000c4400000, 0x00000000c6c00000, 0x00000000ec180000)
  object space 40960K, 81% used [0x00000000c4400000,0x00000000c6473668,0x00000000c6c00000)
 Metaspace       used 16299K, capacity 16466K, committed 16640K, reserved 1064960K
  class space    used 1629K, capacity 1696K, committed 1792K, reserved 1048576K
}
Event: 17815,495 GC heap before
{Heap before GC invocations=207 (full 0):
 PSYoungGen      total 14848K, used 14496K [0x00000000ec180000, 0x00000000ed100000, 0x0000000100000000)
  eden space 14336K, 100% used [0x00000000ec180000,0x00000000ecf80000,0x00000000ecf80000)
  from space 512K, 31% used [0x00000000ed080000,0x00000000ed0a8000,0x00000000ed100000)
  to   space 512K, 0% used [0x00000000ed000000,0x00000000ed000000,0x00000000ed080000)
 ParOldGen       total 40960K, used 33229K [0x00000000c4400000, 0x00000000c6c00000, 0x00000000ec180000)
  object space 40960K, 81% used [0x00000000c4400000,0x00000000c6473668,0x00000000c6c00000)
 Metaspace       used 16299K, capacity 16466K, committed 16640K, reserved 1064960K
  class space    used 1629K, capacity 1696K, committed 1792K, reserved 1048576K
Event: 17815,512 GC heap after
Heap after GC invocations=207 (full 0):
 PSYoungGen      total 14848K, used 96K [0x00000000ec180000, 0x00000000ed100000, 0x0000000100000000)
  eden space 14336K, 0% used [0x00000000ec180000,0x00000000ec180000,0x00000000ecf80000)
  from space 512K, 18% used [0x00000000ed000000,0x00000000ed018000,0x00000000ed080000)
  to   space 512K, 0% used [0x00000000ed080000,0x00000000ed080000,0x00000000ed100000)
 ParOldGen       total 40960K, used 33265K [0x00000000c4400000, 0x00000000c6c00000, 0x00000000ec180000)
  object space 40960K, 81% used [0x00000000c4400000,0x00000000c647c678,0x00000000c6c00000)
 Metaspace       used 16299K, capacity 16466K, committed 16640K, reserved 1064960K
  class space    used 1629K, capacity 1696K, committed 1792K, reserved 1048576K
}
Event: 17889,232 GC heap before
{Heap before GC invocations=208 (full 0):
 PSYoungGen      total 14848K, used 14432K [0x00000000ec180000, 0x00000000ed100000, 0x0000000100000000)
  eden space 14336K, 100% used [0x00000000ec180000,0x00000000ecf80000,0x00000000ecf80000)
  from space 512K, 18% used [0x00000000ed000000,0x00000000ed018000,0x00000000ed080000)
  to   space 512K, 0% used [0x00000000ed080000,0x00000000ed080000,0x00000000ed100000)
 ParOldGen       total 40960K, used 33265K [0x00000000c4400000, 0x00000000c6c00000, 0x00000000ec180000)
  object space 40960K, 81% used [0x00000000c4400000,0x00000000c647c678,0x00000000c6c00000)
 Metaspace       used 16299K, capacity 16466K, committed 16640K, reserved 1064960K
  class space    used 1629K, capacity 1696K, committed 1792K, reserved 1048576K
Event: 17889,273 GC heap after
Heap after GC invocations=208 (full 0):
 PSYoungGen      total 14848K, used 128K [0x00000000ec180000, 0x00000000ed100000, 0x0000000100000000)
  eden space 14336K, 0% used [0x00000000ec180000,0x00000000ec180000,0x00000000ecf80000)
  from space 512K, 25% used [0x00000000ed080000,0x00000000ed0a0000,0x00000000ed100000)
  to   space 512K, 0% used [0x00000000ed000000,0x00000000ed000000,0x00000000ed080000)
 ParOldGen       total 40960K, used 33289K [0x00000000c4400000, 0x00000000c6c00000, 0x00000000ec180000)
  object space 40960K, 81% used [0x00000000c4400000,0x00000000c6482678,0x00000000c6c00000)
 Metaspace       used 16299K, capacity 16466K, committed 16640K, reserved 1064960K
  class space    used 1629K, capacity 1696K, committed 1792K, reserved 1048576K
}

